<?xml version="1.0" encoding="UTF-8"?>
<!-- Generated by org.testng.reporters.JUnitXMLReporter -->
<testsuite hostname="USER-PC" ignored="0" name="Banking Application Test" tests="1" failures="1" timestamp="11 Jun 2019 18:22:27 GMT" time="66.827" errors="0">
  <testcase name="loginTest2" time="13.845" classname="com.qa.interbanking.testcases.TC_LoginTest_002">
    <failure type="org.testng.internal.reflect.MethodMatcherException" message="
Data provider mismatch
Method: loginTest2([Parameter{index=0, type=java.lang.String, declaredAnnotations=[]}, Parameter{index=1, type=java.lang.String, declaredAnnotations=[]}])
Arguments: [(java.lang.String) mndkj,m,(java.lang.String) 13466,(java.lang.String) ]">
      <![CDATA[org.testng.internal.reflect.MethodMatcherException: 
Data provider mismatch
Method: loginTest2([Parameter{index=0, type=java.lang.String, declaredAnnotations=[]}, Parameter{index=1, type=java.lang.String, declaredAnnotations=[]}])
Arguments: [(java.lang.String) mndkj,m,(java.lang.String) 13466,(java.lang.String) ]
... Removed 20 stack frames]]>
    </failure>
  </testcase> <!-- loginTest2 -->
</testsuite> <!-- Banking Application Test -->
