<?xml version="1.0" encoding="UTF-8"?>
<testng-results skipped="0" failed="0" ignored="0" total="1" passed="1">
  <reporter-output>
  </reporter-output>
  <suite name="Default suite" duration-ms="642" started-at="2019-06-26T18:05:59Z" finished-at="2019-06-26T18:06:00Z">
    <groups>
    </groups>
    <test name="Default test" duration-ms="642" started-at="2019-06-26T18:05:59Z" finished-at="2019-06-26T18:06:00Z">
      <class name="com.qa.interbanking.testcases.TestOnJenkins">
        <test-method status="PASS" signature="test()[pri:1, instance:com.qa.interbanking.testcases.TestOnJenkins@4ed9f0]" name="test" duration-ms="144" started-at="2019-06-26T18:06:00Z" finished-at="2019-06-26T18:06:00Z">
          <reporter-output>
          </reporter-output>
        </test-method> <!-- test -->
      </class> <!-- com.qa.interbanking.testcases.TestOnJenkins -->
    </test> <!-- Default test -->
  </suite> <!-- Default suite -->
</testng-results>
